2016-04-15 09:34:30: -- Analysis Started by User
2016-04-15 09:34:30: Changes: 20, Conflicts: 0, CopyTime: 0, CopyState: 0/0, Errors: 0, All: 130
2016-04-15 09:34:30: Left to Right: Copy File: 20 
2016-04-15 09:34:30: -- Analysis Complete. Time 00:00:00, Speed: Many files/s
2016-04-15 09:34:30: 
2016-04-15 09:34:35: == Sync Started by User
2016-04-15 09:34:35: Copy New '/Users/lbarker/Documents/htdocs/cpc-shmile/public/photos/generated/gen_1460736675411.jpg' -> '/Volumes/MRKTMedia1/photobooth_shmile/gen_1460736675411.jpg'
2016-04-15 09:34:35: Copy New '/Users/lbarker/Documents/htdocs/cpc-shmile/public/photos/generated/gen_1460736737861.jpg' -> '/Volumes/MRKTMedia1/photobooth_shmile/gen_1460736737861.jpg'
2016-04-15 09:34:35: Copy New '/Users/lbarker/Documents/htdocs/cpc-shmile/public/photos/generated/gen_1460736884460.jpg' -> '/Volumes/MRKTMedia1/photobooth_shmile/gen_1460736884460.jpg'
2016-04-15 09:34:35: Copy New '/Users/lbarker/Documents/htdocs/cpc-shmile/public/photos/generated/gen_1460736983591.jpg' -> '/Volumes/MRKTMedia1/photobooth_shmile/gen_1460736983591.jpg'
2016-04-15 09:34:35: Copy New '/Users/lbarker/Documents/htdocs/cpc-shmile/public/photos/generated/gen_1460737109761.jpg' -> '/Volumes/MRKTMedia1/photobooth_shmile/gen_1460737109761.jpg'
2016-04-15 09:34:35: Copy New '/Users/lbarker/Documents/htdocs/cpc-shmile/public/photos/generated/gen_1460737416464.jpg' -> '/Volumes/MRKTMedia1/photobooth_shmile/gen_1460737416464.jpg'
2016-04-15 09:34:35: Copy New '/Users/lbarker/Documents/htdocs/cpc-shmile/public/photos/generated/gen_1460737539439.jpg' -> '/Volumes/MRKTMedia1/photobooth_shmile/gen_1460737539439.jpg'
2016-04-15 09:34:35: Copy New '/Users/lbarker/Documents/htdocs/cpc-shmile/public/photos/generated/gen_1460737739033.jpg' -> '/Volumes/MRKTMedia1/photobooth_shmile/gen_1460737739033.jpg'
2016-04-15 09:34:35: Copy New '/Users/lbarker/Documents/htdocs/cpc-shmile/public/photos/generated/gen_1460737880680.jpg' -> '/Volumes/MRKTMedia1/photobooth_shmile/gen_1460737880680.jpg'
2016-04-15 09:34:35: Copy New '/Users/lbarker/Documents/htdocs/cpc-shmile/public/photos/generated/gen_1460737984166.jpg' -> '/Volumes/MRKTMedia1/photobooth_shmile/gen_1460737984166.jpg'
2016-04-15 09:34:35: Copy New '/Users/lbarker/Documents/htdocs/cpc-shmile/public/photos/generated/thumbs/thumb_1460736675411.jpg' -> '/Volumes/MRKTMedia1/photobooth_shmile/thumbs/thumb_1460736675411.jpg'
2016-04-15 09:34:35: Copy New '/Users/lbarker/Documents/htdocs/cpc-shmile/public/photos/generated/thumbs/thumb_1460736737861.jpg' -> '/Volumes/MRKTMedia1/photobooth_shmile/thumbs/thumb_1460736737861.jpg'
2016-04-15 09:34:35: Copy New '/Users/lbarker/Documents/htdocs/cpc-shmile/public/photos/generated/thumbs/thumb_1460736884460.jpg' -> '/Volumes/MRKTMedia1/photobooth_shmile/thumbs/thumb_1460736884460.jpg'
2016-04-15 09:34:35: Copy New '/Users/lbarker/Documents/htdocs/cpc-shmile/public/photos/generated/thumbs/thumb_1460736983591.jpg' -> '/Volumes/MRKTMedia1/photobooth_shmile/thumbs/thumb_1460736983591.jpg'
2016-04-15 09:34:35: Copy New '/Users/lbarker/Documents/htdocs/cpc-shmile/public/photos/generated/thumbs/thumb_1460737109761.jpg' -> '/Volumes/MRKTMedia1/photobooth_shmile/thumbs/thumb_1460737109761.jpg'
2016-04-15 09:34:35: Copy New '/Users/lbarker/Documents/htdocs/cpc-shmile/public/photos/generated/thumbs/thumb_1460737416464.jpg' -> '/Volumes/MRKTMedia1/photobooth_shmile/thumbs/thumb_1460737416464.jpg'
2016-04-15 09:34:36: Copy New '/Users/lbarker/Documents/htdocs/cpc-shmile/public/photos/generated/thumbs/thumb_1460737539439.jpg' -> '/Volumes/MRKTMedia1/photobooth_shmile/thumbs/thumb_1460737539439.jpg'
2016-04-15 09:34:36: Copy New '/Users/lbarker/Documents/htdocs/cpc-shmile/public/photos/generated/thumbs/thumb_1460737739033.jpg' -> '/Volumes/MRKTMedia1/photobooth_shmile/thumbs/thumb_1460737739033.jpg'
2016-04-15 09:34:36: Copy New '/Users/lbarker/Documents/htdocs/cpc-shmile/public/photos/generated/thumbs/thumb_1460737880680.jpg' -> '/Volumes/MRKTMedia1/photobooth_shmile/thumbs/thumb_1460737880680.jpg'
2016-04-15 09:34:36: Copy New '/Users/lbarker/Documents/htdocs/cpc-shmile/public/photos/generated/thumbs/thumb_1460737984166.jpg' -> '/Volumes/MRKTMedia1/photobooth_shmile/thumbs/thumb_1460737984166.jpg'
2016-04-15 09:34:36: == Sync Complete. Time: 00:00:01, Speed: 11.1 MB/s, OK: 20, Errors: 0
2016-04-15 09:34:36: 
